<?xml version="1.0" encoding="UTF-8"?>
<robot generator="Robot 4.1.3 (Python 3.10.2 on win32)" generated="20220617 12:13:41.415" rpa="false" schemaversion="2">
<suite id="s1" name="Adquirir titulo" source="C:\Users\Diego Teixeira\Desktop\VENDAS-ONLINE\Proposta_Adesão\tests\Adquirir_titulo.robot">
<test id="s1-t1" name="Deve Adquirir um Título">
<kw name="Abrir o Navegador" library="resource" type="SETUP">
<kw name="Open Browser" library="SeleniumLibrary">
<arg>${URL}</arg>
<arg>${BROWSER}</arg>
<doc>Opens a new browser instance to the optional ``url``.</doc>
<msg timestamp="20220617 12:13:41.699" level="INFO">Opening browser 'Chrome' to base url 'http://meuclube-ecommerce-tst.bancorbras.com.br/cbtur'.</msg>
<status status="PASS" starttime="20220617 12:13:41.699" endtime="20220617 12:13:45.268"/>
</kw>
<kw name="Maximize Browser Window" library="SeleniumLibrary">
<doc>Maximizes current browser window.</doc>
<status status="PASS" starttime="20220617 12:13:45.268" endtime="20220617 12:13:45.394"/>
</kw>
<status status="PASS" starttime="20220617 12:13:41.698" endtime="20220617 12:13:45.396"/>
</kw>
<kw name="Acessar a página home do site" library="resource">
<kw name="Title Should Be" library="SeleniumLibrary">
<arg>Bancorbras</arg>
<doc>Verifies that the current page title equals ``title``.</doc>
<msg timestamp="20220617 12:13:45.404" level="INFO">Page title is 'Bancorbras'.</msg>
<status status="PASS" starttime="20220617 12:13:45.400" endtime="20220617 12:13:45.404"/>
</kw>
<kw name="Sleep" library="BuiltIn">
<arg>time_=2</arg>
<doc>Pauses the test executed for the given time.</doc>
<msg timestamp="20220617 12:13:47.411" level="INFO">Slept 2 seconds</msg>
<status status="PASS" starttime="20220617 12:13:45.404" endtime="20220617 12:13:47.411"/>
</kw>
<status status="PASS" starttime="20220617 12:13:45.398" endtime="20220617 12:13:47.411"/>
</kw>
<kw name="Nome do Usuário" library="resource">
<kw name="Wait Until Element Is Visible" library="SeleniumLibrary">
<arg>${NOME_CLENTE}</arg>
<arg>10</arg>
<doc>Waits until the element ``locator`` is visible.</doc>
<status status="PASS" starttime="20220617 12:13:47.412" endtime="20220617 12:13:47.443"/>
</kw>
<kw name="Input Text" library="SeleniumLibrary">
<arg>${NOME_CLENTE}</arg>
<arg>${NOME_GERAL}</arg>
<doc>Types the given ``text`` into the text field identified by ``locator``.</doc>
<msg timestamp="20220617 12:13:47.444" level="INFO">Typing text 'Teste Automação' into text field '//input[contains(@formcontrolname,'nomeCtrl')]'.</msg>
<status status="PASS" starttime="20220617 12:13:47.443" endtime="20220617 12:13:47.564"/>
</kw>
<kw name="Sleep" library="BuiltIn">
<arg>2</arg>
<doc>Pauses the test executed for the given time.</doc>
<msg timestamp="20220617 12:13:49.568" level="INFO">Slept 2 seconds</msg>
<status status="PASS" starttime="20220617 12:13:47.564" endtime="20220617 12:13:49.568"/>
</kw>
<status status="PASS" starttime="20220617 12:13:47.412" endtime="20220617 12:13:49.568"/>
</kw>
<kw name="E-mail do Usuário" library="resource">
<kw name="Wait Until Element Is Visible" library="SeleniumLibrary">
<arg>${E-MAIL_CLIENTE}</arg>
<arg>10</arg>
<doc>Waits until the element ``locator`` is visible.</doc>
<status status="PASS" starttime="20220617 12:13:49.570" endtime="20220617 12:13:49.599"/>
</kw>
<kw name="Input Text" library="SeleniumLibrary">
<arg>${E-MAIL_CLIENTE}</arg>
<arg>${E-MAIL_GERAL}</arg>
<doc>Types the given ``text`` into the text field identified by ``locator``.</doc>
<msg timestamp="20220617 12:13:49.599" level="INFO">Typing text 'teste09@gmail.com' into text field '//input[contains(@type,'email')]'.</msg>
<status status="PASS" starttime="20220617 12:13:49.599" endtime="20220617 12:13:49.706"/>
</kw>
<kw name="Sleep" library="BuiltIn">
<arg>2</arg>
<doc>Pauses the test executed for the given time.</doc>
<msg timestamp="20220617 12:13:51.714" level="INFO">Slept 2 seconds</msg>
<status status="PASS" starttime="20220617 12:13:49.706" endtime="20220617 12:13:51.714"/>
</kw>
<status status="PASS" starttime="20220617 12:13:49.569" endtime="20220617 12:13:51.714"/>
</kw>
<kw name="Telefone do Usuário" library="resource">
<kw name="Wait Until Element Is Visible" library="SeleniumLibrary">
<arg>${TELEFONE_CLIENTE}</arg>
<arg>10</arg>
<doc>Waits until the element ``locator`` is visible.</doc>
<status status="PASS" starttime="20220617 12:13:51.716" endtime="20220617 12:13:51.733"/>
</kw>
<kw name="Input Text" library="SeleniumLibrary">
<arg>${TELEFONE_CLIENTE}</arg>
<arg>${TELEFONE_GERAL}</arg>
<doc>Types the given ``text`` into the text field identified by ``locator``.</doc>
<msg timestamp="20220617 12:13:51.733" level="INFO">Typing text '11981003835' into text field '//input[contains(@type,'tel')]'.</msg>
<status status="PASS" starttime="20220617 12:13:51.733" endtime="20220617 12:13:51.839"/>
</kw>
<kw name="Sleep" library="BuiltIn">
<arg>2</arg>
<doc>Pauses the test executed for the given time.</doc>
<msg timestamp="20220617 12:13:53.851" level="INFO">Slept 2 seconds</msg>
<status status="PASS" starttime="20220617 12:13:51.839" endtime="20220617 12:13:53.851"/>
</kw>
<status status="PASS" starttime="20220617 12:13:51.716" endtime="20220617 12:13:53.851"/>
</kw>
<kw name="Recaptcha" library="resource">
<kw name="Select Frame" library="SeleniumLibrary">
<arg>${IFRAME}</arg>
<doc>Sets frame identified by ``locator`` as the current frame.</doc>
<msg timestamp="20220617 12:13:53.853" level="INFO">Selecting frame '//iframe[@title='reCAPTCHA']'.</msg>
<status status="PASS" starttime="20220617 12:13:53.853" endtime="20220617 12:13:53.889"/>
</kw>
<kw name="Wait Until Element Is Visible" library="SeleniumLibrary">
<arg>${RECAPTCHA}</arg>
<arg>10</arg>
<doc>Waits until the element ``locator`` is visible.</doc>
<status status="PASS" starttime="20220617 12:13:53.889" endtime="20220617 12:13:53.919"/>
</kw>
<kw name="Click Element" library="SeleniumLibrary">
<arg>${RECAPTCHA}</arg>
<doc>Click the element identified by ``locator``.</doc>
<msg timestamp="20220617 12:13:53.919" level="INFO">Clicking element 'recaptcha-anchor'.</msg>
<status status="PASS" starttime="20220617 12:13:53.919" endtime="20220617 12:13:54.057"/>
</kw>
<kw name="Sleep" library="BuiltIn">
<arg>5</arg>
<doc>Pauses the test executed for the given time.</doc>
<msg timestamp="20220617 12:13:59.059" level="INFO">Slept 5 seconds</msg>
<status status="PASS" starttime="20220617 12:13:54.057" endtime="20220617 12:13:59.059"/>
</kw>
<status status="PASS" starttime="20220617 12:13:53.852" endtime="20220617 12:13:59.059"/>
</kw>
<kw name="Continuar" library="resource">
<kw name="Unselect Frame" library="SeleniumLibrary">
<doc>Sets the main frame as the current frame.</doc>
<status status="PASS" starttime="20220617 12:13:59.060" endtime="20220617 12:13:59.067"/>
</kw>
<kw name="Wait Until Element Is Visible" library="SeleniumLibrary">
<arg>${CONTINUAR}</arg>
<arg>30</arg>
<doc>Waits until the element ``locator`` is visible.</doc>
<status status="PASS" starttime="20220617 12:13:59.067" endtime="20220617 12:13:59.096"/>
</kw>
<kw name="Click Element" library="SeleniumLibrary">
<arg>${CONTINUAR}</arg>
<doc>Click the element identified by ``locator``.</doc>
<msg timestamp="20220617 12:13:59.097" level="INFO">Clicking element '//button[@color='yellow'][contains(.,'Continuar')]'.</msg>
<status status="PASS" starttime="20220617 12:13:59.097" endtime="20220617 12:13:59.173"/>
</kw>
<kw name="Sleep" library="BuiltIn">
<arg>2</arg>
<doc>Pauses the test executed for the given time.</doc>
<msg timestamp="20220617 12:14:01.178" level="INFO">Slept 2 seconds</msg>
<status status="PASS" starttime="20220617 12:13:59.174" endtime="20220617 12:14:01.178"/>
</kw>
<status status="PASS" starttime="20220617 12:13:59.060" endtime="20220617 12:14:01.178"/>
</kw>
<kw name="Quantas noites" library="resource">
<kw name="Wait Until Element Is Visible" library="SeleniumLibrary">
<arg>${7_NOITES}</arg>
<arg>10</arg>
<doc>Waits until the element ``locator`` is visible.</doc>
<status status="PASS" starttime="20220617 12:14:01.180" endtime="20220617 12:14:01.208"/>
</kw>
<kw name="Click Element" library="SeleniumLibrary">
<arg>${7_NOITES}</arg>
<doc>Click the element identified by ``locator``.</doc>
<msg timestamp="20220617 12:14:01.209" level="INFO">Clicking element '//label[normalize-space()='7 noites']'.</msg>
<status status="PASS" starttime="20220617 12:14:01.208" endtime="20220617 12:14:01.261"/>
</kw>
<kw name="Sleep" library="BuiltIn">
<arg>2</arg>
<doc>Pauses the test executed for the given time.</doc>
<msg timestamp="20220617 12:14:03.273" level="INFO">Slept 2 seconds</msg>
<status status="PASS" starttime="20220617 12:14:01.261" endtime="20220617 12:14:03.273"/>
</kw>
<status status="PASS" starttime="20220617 12:14:01.179" endtime="20220617 12:14:03.273"/>
</kw>
<kw name="Duplo Executivo" library="resource">
<kw name="Wait Until Element Is Visible" library="SeleniumLibrary">
<arg>${DUPLO_EXECUTIVO}</arg>
<arg>10</arg>
<doc>Waits until the element ``locator`` is visible.</doc>
<status status="PASS" starttime="20220617 12:14:03.275" endtime="20220617 12:14:03.309"/>
</kw>
<kw name="Select From List By Value" library="SeleniumLibrary">
<arg>${DUPLO_EXECUTIVO}</arg>
<arg>1</arg>
<doc>Selects options from selection list ``locator`` by ``values``.</doc>
<msg timestamp="20220617 12:14:03.310" level="INFO">Selecting options from selection list '//select[@id='DuploExecutivo']' by value 1.</msg>
<status status="PASS" starttime="20220617 12:14:03.309" endtime="20220617 12:14:03.421"/>
</kw>
<status status="PASS" starttime="20220617 12:14:03.274" endtime="20220617 12:14:03.422"/>
</kw>
<kw name="Comprar" library="resource">
<kw name="Wait Until Element Is Visible" library="SeleniumLibrary">
<arg>${COMPRAR}</arg>
<arg>10</arg>
<doc>Waits until the element ``locator`` is visible.</doc>
<status status="PASS" starttime="20220617 12:14:03.423" endtime="20220617 12:14:03.446"/>
</kw>
<kw name="Click Element" library="SeleniumLibrary">
<arg>${COMPRAR}</arg>
<doc>Click the element identified by ``locator``.</doc>
<msg timestamp="20220617 12:14:03.447" level="INFO">Clicking element '//button[@color='yellow'][contains(.,'Comprar')]'.</msg>
<status status="PASS" starttime="20220617 12:14:03.446" endtime="20220617 12:14:03.520"/>
</kw>
<kw name="Sleep" library="BuiltIn">
<arg>2</arg>
<doc>Pauses the test executed for the given time.</doc>
<msg timestamp="20220617 12:14:05.521" level="INFO">Slept 2 seconds</msg>
<status status="PASS" starttime="20220617 12:14:03.520" endtime="20220617 12:14:05.521"/>
</kw>
<status status="PASS" starttime="20220617 12:14:03.423" endtime="20220617 12:14:05.521"/>
</kw>
<kw name="Para Min" library="resource">
<kw name="Wait Until Element Is Visible" library="SeleniumLibrary">
<arg>${PRA_MIM}</arg>
<arg>10</arg>
<doc>Waits until the element ``locator`` is visible.</doc>
<status status="PASS" starttime="20220617 12:14:05.524" endtime="20220617 12:14:05.552"/>
</kw>
<kw name="Click Element" library="SeleniumLibrary">
<arg>${PRA_MIM}</arg>
<doc>Click the element identified by ``locator``.</doc>
<msg timestamp="20220617 12:14:05.553" level="INFO">Clicking element '//mat-card-content[@class='mat-card-content'][contains(.,'Para mim')]'.</msg>
<status status="PASS" starttime="20220617 12:14:05.552" endtime="20220617 12:14:05.807"/>
</kw>
<kw name="Sleep" library="BuiltIn">
<arg>2</arg>
<doc>Pauses the test executed for the given time.</doc>
<msg timestamp="20220617 12:14:07.816" level="INFO">Slept 2 seconds</msg>
<status status="PASS" starttime="20220617 12:14:05.807" endtime="20220617 12:14:07.816"/>
</kw>
<status status="PASS" starttime="20220617 12:14:05.523" endtime="20220617 12:14:07.816"/>
</kw>
<kw name="Data de Nascimeto" library="resource">
<kw name="Wait Until Element Is Visible" library="SeleniumLibrary">
<arg>${DATA_NASCIMENTO}</arg>
<arg>10</arg>
<doc>Waits until the element ``locator`` is visible.</doc>
<status status="PASS" starttime="20220617 12:14:07.818" endtime="20220617 12:14:07.846"/>
</kw>
<kw name="Click Element" library="SeleniumLibrary">
<arg>${DATA_NASCIMENTO}</arg>
<doc>Click the element identified by ``locator``.</doc>
<msg timestamp="20220617 12:14:07.847" level="INFO">Clicking element '//input[contains(@readonly,'true')]'.</msg>
<status status="PASS" starttime="20220617 12:14:07.846" endtime="20220617 12:14:07.957"/>
</kw>
<kw name="Sleep" library="BuiltIn">
<arg>2</arg>
<doc>Pauses the test executed for the given time.</doc>
<msg timestamp="20220617 12:14:09.960" level="INFO">Slept 2 seconds</msg>
<status status="PASS" starttime="20220617 12:14:07.957" endtime="20220617 12:14:09.960"/>
</kw>
<kw name="Wait Until Element Is Visible" library="SeleniumLibrary">
<arg>${DATA_NASCIMENTO_16}</arg>
<arg>10</arg>
<doc>Waits until the element ``locator`` is visible.</doc>
<status status="PASS" starttime="20220617 12:14:09.961" endtime="20220617 12:14:09.992"/>
</kw>
<kw name="Click Element" library="SeleniumLibrary">
<arg>${DATA_NASCIMENTO_16}</arg>
<doc>Click the element identified by ``locator``.</doc>
<msg timestamp="20220617 12:14:09.992" level="INFO">Clicking element '//div[@class='mat-calendar-body-cell-content mat-focus-indicator'][contains(.,'16')]'.</msg>
<status status="PASS" starttime="20220617 12:14:09.992" endtime="20220617 12:14:10.055"/>
</kw>
<kw name="Sleep" library="BuiltIn">
<arg>2</arg>
<doc>Pauses the test executed for the given time.</doc>
<msg timestamp="20220617 12:14:12.067" level="INFO">Slept 2 seconds</msg>
<status status="PASS" starttime="20220617 12:14:10.055" endtime="20220617 12:14:12.067"/>
</kw>
<status status="PASS" starttime="20220617 12:14:07.817" endtime="20220617 12:14:12.068"/>
</kw>
<kw name="CPF" library="resource">
<kw name="Wait Until Element Is Visible" library="SeleniumLibrary">
<arg>${CPF}</arg>
<arg>10</arg>
<doc>Waits until the element ``locator`` is visible.</doc>
<status status="PASS" starttime="20220617 12:14:12.070" endtime="20220617 12:14:12.099"/>
</kw>
<kw name="Generate Random String" library="String">
<var>${11}</var>
<arg>11</arg>
<arg>[NUMBERS]</arg>
<doc>Generates a string with a desired ``length`` from the given ``chars``.</doc>
<msg timestamp="20220617 12:14:12.100" level="INFO">${11} = 57984287743</msg>
<status status="PASS" starttime="20220617 12:14:12.100" endtime="20220617 12:14:12.100"/>
</kw>
<kw name="Input Text" library="SeleniumLibrary">
<arg>${CPF}</arg>
<arg>${11}</arg>
<doc>Types the given ``text`` into the text field identified by ``locator``.</doc>
<msg timestamp="20220617 12:14:12.100" level="INFO">Typing text '57984287743' into text field '//input[contains(@formcontrolname,'cpf')]'.</msg>
<status status="PASS" starttime="20220617 12:14:12.100" endtime="20220617 12:14:12.235"/>
</kw>
<kw name="Sleep" library="BuiltIn">
<arg>2</arg>
<doc>Pauses the test executed for the given time.</doc>
<msg timestamp="20220617 12:14:14.246" level="INFO">Slept 2 seconds</msg>
<status status="PASS" starttime="20220617 12:14:12.236" endtime="20220617 12:14:14.246"/>
</kw>
<status status="PASS" starttime="20220617 12:14:12.069" endtime="20220617 12:14:14.246"/>
</kw>
<doc>TITULO</doc>
<status status="PASS" starttime="20220617 12:13:41.698" endtime="20220617 12:14:14.248"/>
</test>
<status status="PASS" starttime="20220617 12:13:41.416" endtime="20220617 12:14:14.252"/>
</suite>
<statistics>
<total>
<stat pass="1" fail="0" skip="0">All Tests</stat>
</total>
<tag>
</tag>
<suite>
<stat pass="1" fail="0" skip="0" id="s1" name="Adquirir titulo">Adquirir titulo</stat>
</suite>
</statistics>
<errors>
</errors>
</robot>
