<?xml version="1.0" encoding="UTF-8"?>
<robot generator="Robot 5.0.1 (Python 3.10.4 on win32)" generated="20220602 15:55:00.578" rpa="false" schemaversion="3">
<suite id="s1" name="Gerenciar P" source="C:\Users\Taty\Desktop\Automação\PRODUTO CLIENTE\Produto_cliente_WEB\tests\Gerenciar_P.robot">
<test id="s1-t1" name="Deve Gerar um Novo Produto" line="9">
<kw name="Abrir o Navegador" library="resource" type="SETUP">
<kw name="Open Browser" library="SeleniumLibrary">
<arg>${URL}</arg>
<arg>${BROWSER}</arg>
<doc>Opens a new browser instance to the optional ``url``.</doc>
<msg timestamp="20220602 15:55:01.060" level="INFO">Opening browser 'Chrome' to base url 'https://tst01-produtocliente.bancorbras.com.br/'.</msg>
<status status="PASS" starttime="20220602 15:55:01.060" endtime="20220602 15:55:06.018"/>
</kw>
<kw name="Maximize Browser Window" library="SeleniumLibrary">
<doc>Maximizes current browser window.</doc>
<status status="PASS" starttime="20220602 15:55:06.018" endtime="20220602 15:55:06.340"/>
</kw>
<status status="PASS" starttime="20220602 15:55:01.059" endtime="20220602 15:55:06.341"/>
</kw>
<kw name="Acessar a página home do site" library="resource">
<kw name="Title Should Be" library="SeleniumLibrary">
<arg>Bancorbrás :: Produto &amp; Cliente</arg>
<doc>Verifies that the current page title equals ``title``.</doc>
<msg timestamp="20220602 15:55:06.360" level="INFO">Page title is 'Bancorbrás :: Produto &amp; Cliente'.</msg>
<status status="PASS" starttime="20220602 15:55:06.347" endtime="20220602 15:55:06.360"/>
</kw>
<kw name="Sleep" library="BuiltIn">
<arg>time_=2</arg>
<doc>Pauses the test executed for the given time.</doc>
<msg timestamp="20220602 15:55:08.363" level="INFO">Slept 2 seconds</msg>
<status status="PASS" starttime="20220602 15:55:06.360" endtime="20220602 15:55:08.363"/>
</kw>
<status status="PASS" starttime="20220602 15:55:06.344" endtime="20220602 15:55:08.363"/>
</kw>
<kw name="Menu Gerenciar Produtos" library="resource">
<kw name="Wait Until Element Is Visible" library="SeleniumLibrary">
<arg>locator=${MENU_GERENCIAR_P}</arg>
<arg>timeout=10</arg>
<doc>Waits until the element ``locator`` is visible.</doc>
<status status="PASS" starttime="20220602 15:55:08.365" endtime="20220602 15:55:08.404"/>
</kw>
<kw name="Click Element" library="SeleniumLibrary">
<arg>locator=${MENU_GERENCIAR_P}</arg>
<doc>Click the element identified by ``locator``.</doc>
<msg timestamp="20220602 15:55:08.405" level="INFO">Clicking element '//span[normalize-space()='Gerenciar Produtos']'.</msg>
<status status="PASS" starttime="20220602 15:55:08.405" endtime="20220602 15:55:08.495"/>
</kw>
<kw name="Sleep" library="BuiltIn">
<arg>time_=2</arg>
<doc>Pauses the test executed for the given time.</doc>
<msg timestamp="20220602 15:55:10.506" level="INFO">Slept 2 seconds</msg>
<status status="PASS" starttime="20220602 15:55:08.495" endtime="20220602 15:55:10.506"/>
</kw>
<status status="PASS" starttime="20220602 15:55:08.364" endtime="20220602 15:55:10.506"/>
</kw>
<kw name="Novo Produto" library="resource">
<kw name="Wait Until Element Is Visible" library="SeleniumLibrary">
<arg>locator=${BOTÃO_NOVO}</arg>
<arg>timeout=10</arg>
<doc>Waits until the element ``locator`` is visible.</doc>
<status status="PASS" starttime="20220602 15:55:10.510" endtime="20220602 15:55:10.562"/>
</kw>
<kw name="Click Element" library="SeleniumLibrary">
<arg>locator=${BOTÃO_NOVO}</arg>
<doc>Click the element identified by ``locator``.</doc>
<msg timestamp="20220602 15:55:10.563" level="INFO">Clicking element '//a[normalize-space()='Novo']'.</msg>
<status status="PASS" starttime="20220602 15:55:10.563" endtime="20220602 15:55:10.929"/>
</kw>
<kw name="Sleep" library="BuiltIn">
<arg>time_=2</arg>
<doc>Pauses the test executed for the given time.</doc>
<msg timestamp="20220602 15:55:12.931" level="INFO">Slept 2 seconds</msg>
<status status="PASS" starttime="20220602 15:55:10.929" endtime="20220602 15:55:12.931"/>
</kw>
<status status="PASS" starttime="20220602 15:55:10.509" endtime="20220602 15:55:12.931"/>
</kw>
<kw name="Produto Carência id" library="resource">
<kw name="Wait Until Element Is Visible" library="SeleniumLibrary">
<arg>locator=${PRODUTO_ID}</arg>
<arg>timeout=10</arg>
<doc>Waits until the element ``locator`` is visible.</doc>
<status status="PASS" starttime="20220602 15:55:12.933" endtime="20220602 15:55:12.986"/>
</kw>
<kw name="Input Text" library="SeleniumLibrary">
<arg>locator=${PRODUTO_ID}</arg>
<arg>text=${09}</arg>
<doc>Types the given ``text`` into the text field identified by ``locator``.</doc>
<msg timestamp="20220602 15:55:12.987" level="INFO">Typing text '09' into text field '//input[@id='produtoCarenciaId']'.</msg>
<status status="PASS" starttime="20220602 15:55:12.986" endtime="20220602 15:55:13.308"/>
</kw>
<kw name="Sleep" library="BuiltIn">
<arg>time_=2</arg>
<doc>Pauses the test executed for the given time.</doc>
<msg timestamp="20220602 15:55:15.319" level="INFO">Slept 2 seconds</msg>
<status status="PASS" starttime="20220602 15:55:13.308" endtime="20220602 15:55:15.319"/>
</kw>
<status status="PASS" starttime="20220602 15:55:12.932" endtime="20220602 15:55:15.320"/>
</kw>
<kw name="Descrição" library="resource">
<kw name="Wait Until Element Is Visible" library="SeleniumLibrary">
<arg>locator=${DESCRIÇAO}</arg>
<arg>timeout=10</arg>
<doc>Waits until the element ``locator`` is visible.</doc>
<status status="PASS" starttime="20220602 15:55:15.330" endtime="20220602 15:55:15.409"/>
</kw>
<kw name="Input Text" library="SeleniumLibrary">
<arg>locator=${DESCRIÇAO}</arg>
<arg>text=${TESTE-AUTOMAÇÃO}</arg>
<doc>Types the given ``text`` into the text field identified by ``locator``.</doc>
<msg timestamp="20220602 15:55:15.411" level="INFO">Typing text 'TESTE AUTOMAÇÃO' into text field '//input[@id='descricao']'.</msg>
<status status="PASS" starttime="20220602 15:55:15.410" endtime="20220602 15:55:16.178"/>
</kw>
<kw name="Sleep" library="BuiltIn">
<arg>time_=2</arg>
<doc>Pauses the test executed for the given time.</doc>
<msg timestamp="20220602 15:55:18.188" level="INFO">Slept 2 seconds</msg>
<status status="PASS" starttime="20220602 15:55:16.179" endtime="20220602 15:55:18.188"/>
</kw>
<status status="PASS" starttime="20220602 15:55:15.328" endtime="20220602 15:55:18.188"/>
</kw>
<kw name="Periodo da Utilização" library="resource">
<kw name="Wait Until Element Is Visible" library="SeleniumLibrary">
<arg>locator=${PERIODO_UTILIZAÇAO}</arg>
<arg>timeout=10</arg>
<doc>Waits until the element ``locator`` is visible.</doc>
<status status="PASS" starttime="20220602 15:55:18.195" endtime="20220602 15:55:18.335"/>
</kw>
<kw name="Input Text" library="SeleniumLibrary">
<arg>locator=${PERIODO_UTILIZAÇAO}</arg>
<arg>text=${09}</arg>
<doc>Types the given ``text`` into the text field identified by ``locator``.</doc>
<msg timestamp="20220602 15:55:18.339" level="INFO">Typing text '09' into text field '//input[@id='periodoUtilizacao']'.</msg>
<status status="PASS" starttime="20220602 15:55:18.336" endtime="20220602 15:55:19.078"/>
</kw>
<kw name="Sleep" library="BuiltIn">
<arg>time_=2</arg>
<doc>Pauses the test executed for the given time.</doc>
<msg timestamp="20220602 15:55:21.085" level="INFO">Slept 2 seconds</msg>
<status status="PASS" starttime="20220602 15:55:19.078" endtime="20220602 15:55:21.085"/>
</kw>
<status status="PASS" starttime="20220602 15:55:18.191" endtime="20220602 15:55:21.085"/>
</kw>
<kw name="Nome" library="resource">
<kw name="Wait Until Element Is Visible" library="SeleniumLibrary">
<arg>locator=${NOME}</arg>
<arg>timeout=10</arg>
<doc>Waits until the element ``locator`` is visible.</doc>
<status status="PASS" starttime="20220602 15:55:21.087" endtime="20220602 15:55:21.132"/>
</kw>
<kw name="Input Text" library="SeleniumLibrary">
<arg>locator=${NOME}</arg>
<arg>text=${TESTE}</arg>
<doc>Types the given ``text`` into the text field identified by ``locator``.</doc>
<msg timestamp="20220602 15:55:21.134" level="INFO">Typing text 'TESTE ANDERSON' into text field '//input[@id='nome']'.</msg>
<status status="PASS" starttime="20220602 15:55:21.133" endtime="20220602 15:55:21.449"/>
</kw>
<kw name="Sleep" library="BuiltIn">
<arg>time_=2</arg>
<doc>Pauses the test executed for the given time.</doc>
<msg timestamp="20220602 15:55:23.461" level="INFO">Slept 2 seconds</msg>
<status status="PASS" starttime="20220602 15:55:21.449" endtime="20220602 15:55:23.461"/>
</kw>
<status status="PASS" starttime="20220602 15:55:21.086" endtime="20220602 15:55:23.461"/>
</kw>
<kw name="Diárias" library="resource">
<kw name="Wait Until Element Is Visible" library="SeleniumLibrary">
<arg>locator=${DIARIAS}</arg>
<arg>timeout=10</arg>
<doc>Waits until the element ``locator`` is visible.</doc>
<status status="PASS" starttime="20220602 15:55:23.463" endtime="20220602 15:55:23.493"/>
</kw>
<kw name="Input Text" library="SeleniumLibrary">
<arg>locator=${DIARIAS}</arg>
<arg>text=${4}</arg>
<doc>Types the given ``text`` into the text field identified by ``locator``.</doc>
<msg timestamp="20220602 15:55:23.494" level="INFO">Typing text '4' into text field '//input[@id='diarias']'.</msg>
<status status="PASS" starttime="20220602 15:55:23.493" endtime="20220602 15:55:23.634"/>
</kw>
<kw name="Sleep" library="BuiltIn">
<arg>time_=2</arg>
<doc>Pauses the test executed for the given time.</doc>
<msg timestamp="20220602 15:55:25.644" level="INFO">Slept 2 seconds</msg>
<status status="PASS" starttime="20220602 15:55:23.635" endtime="20220602 15:55:25.644"/>
</kw>
<status status="PASS" starttime="20220602 15:55:23.462" endtime="20220602 15:55:25.644"/>
</kw>
<kw name="Estoque" library="resource">
<kw name="Wait Until Element Is Visible" library="SeleniumLibrary">
<arg>locator=${ESTOQUE}</arg>
<arg>timeout=10</arg>
<doc>Waits until the element ``locator`` is visible.</doc>
<status status="PASS" starttime="20220602 15:55:25.646" endtime="20220602 15:55:25.677"/>
</kw>
<kw name="Input Text" library="SeleniumLibrary">
<arg>locator=${ESTOQUE}</arg>
<arg>text=${4}</arg>
<doc>Types the given ``text`` into the text field identified by ``locator``.</doc>
<msg timestamp="20220602 15:55:25.678" level="INFO">Typing text '4' into text field '//input[@id='estoque']'.</msg>
<status status="PASS" starttime="20220602 15:55:25.677" endtime="20220602 15:55:25.833"/>
</kw>
<kw name="Sleep" library="BuiltIn">
<arg>time_=2</arg>
<doc>Pauses the test executed for the given time.</doc>
<msg timestamp="20220602 15:55:27.839" level="INFO">Slept 2 seconds</msg>
<status status="PASS" starttime="20220602 15:55:25.833" endtime="20220602 15:55:27.839"/>
</kw>
<status status="PASS" starttime="20220602 15:55:25.646" endtime="20220602 15:55:27.839"/>
</kw>
<kw name="Virada Periodo Utilizacao" library="resource">
<kw name="Wait Until Element Is Visible" library="SeleniumLibrary">
<arg>locator=${VIRADA_PERIODO}</arg>
<arg>timeout=10</arg>
<doc>Waits until the element ``locator`` is visible.</doc>
<status status="PASS" starttime="20220602 15:55:27.841" endtime="20220602 15:55:27.872"/>
</kw>
<kw name="Click Element" library="SeleniumLibrary">
<arg>locator=${VIRADA_PERIODO}</arg>
<doc>Click the element identified by ``locator``.</doc>
<msg timestamp="20220602 15:55:27.874" level="INFO">Clicking element '//input[@id='viradaPeriodoUtilizacao']'.</msg>
<status status="PASS" starttime="20220602 15:55:27.873" endtime="20220602 15:55:27.951"/>
</kw>
<kw name="Sleep" library="BuiltIn">
<arg>time_=2</arg>
<doc>Pauses the test executed for the given time.</doc>
<msg timestamp="20220602 15:55:29.957" level="INFO">Slept 2 seconds</msg>
<status status="PASS" starttime="20220602 15:55:27.951" endtime="20220602 15:55:29.957"/>
</kw>
<status status="PASS" starttime="20220602 15:55:27.840" endtime="20220602 15:55:29.957"/>
</kw>
<kw name="Parcelas" library="resource">
<kw name="Wait Until Element Is Visible" library="SeleniumLibrary">
<arg>locator=${PARCELAS}</arg>
<arg>timeout=10</arg>
<doc>Waits until the element ``locator`` is visible.</doc>
<status status="PASS" starttime="20220602 15:55:29.959" endtime="20220602 15:55:29.993"/>
</kw>
<kw name="Input Text" library="SeleniumLibrary">
<arg>locator=${PARCELAS}</arg>
<arg>text=${10}</arg>
<doc>Types the given ``text`` into the text field identified by ``locator``.</doc>
<msg timestamp="20220602 15:55:29.994" level="INFO">Typing text '10' into text field '//input[@id='parcelasTm']'.</msg>
<status status="PASS" starttime="20220602 15:55:29.994" endtime="20220602 15:55:30.196"/>
</kw>
<kw name="Sleep" library="BuiltIn">
<arg>time_=2</arg>
<doc>Pauses the test executed for the given time.</doc>
<msg timestamp="20220602 15:55:32.199" level="INFO">Slept 2 seconds</msg>
<status status="PASS" starttime="20220602 15:55:30.196" endtime="20220602 15:55:32.199"/>
</kw>
<status status="PASS" starttime="20220602 15:55:29.958" endtime="20220602 15:55:32.199"/>
</kw>
<kw name="Tipo Duração" library="resource">
<kw name="Wait Until Element Is Visible" library="SeleniumLibrary">
<arg>locator=${TIPO_DURAÇÃO}</arg>
<arg>timeout=10</arg>
<doc>Waits until the element ``locator`` is visible.</doc>
<status status="PASS" starttime="20220602 15:55:32.201" endtime="20220602 15:55:32.234"/>
</kw>
<kw name="Input Text" library="SeleniumLibrary">
<arg>locator=${TIPO_DURAÇÃO}</arg>
<arg>text=${PERIODOUTILIZAÇÃO}</arg>
<doc>Types the given ``text`` into the text field identified by ``locator``.</doc>
<msg timestamp="20220602 15:55:32.236" level="INFO">Typing text 'PERIODO UTILIZAÇÃO' into text field '//input[@id='tipoDuracao']'.</msg>
<status status="PASS" starttime="20220602 15:55:32.234" endtime="20220602 15:55:32.564"/>
</kw>
<kw name="Sleep" library="BuiltIn">
<arg>time_=2</arg>
<doc>Pauses the test executed for the given time.</doc>
<msg timestamp="20220602 15:55:34.572" level="INFO">Slept 2 seconds</msg>
<status status="PASS" starttime="20220602 15:55:32.564" endtime="20220602 15:55:34.572"/>
</kw>
<status status="PASS" starttime="20220602 15:55:32.200" endtime="20220602 15:55:34.572"/>
</kw>
<kw name="Permite Conversão Diárias" library="resource">
<kw name="Wait Until Element Is Visible" library="SeleniumLibrary">
<arg>locator=${PERMITE_CON.DIARIAS}</arg>
<arg>timeout=10</arg>
<doc>Waits until the element ``locator`` is visible.</doc>
<status status="PASS" starttime="20220602 15:55:34.574" endtime="20220602 15:55:34.608"/>
</kw>
<kw name="Click Element" library="SeleniumLibrary">
<arg>locator=${PERMITE_CON.DIARIAS}</arg>
<doc>Click the element identified by ``locator``.</doc>
<msg timestamp="20220602 15:55:34.609" level="INFO">Clicking element '//input[@id='permiteConversaoDiarias']'.</msg>
<status status="PASS" starttime="20220602 15:55:34.609" endtime="20220602 15:55:34.682"/>
</kw>
<kw name="Sleep" library="BuiltIn">
<arg>time_=2</arg>
<doc>Pauses the test executed for the given time.</doc>
<msg timestamp="20220602 15:55:36.696" level="INFO">Slept 2 seconds</msg>
<status status="PASS" starttime="20220602 15:55:34.683" endtime="20220602 15:55:36.697"/>
</kw>
<status status="PASS" starttime="20220602 15:55:34.573" endtime="20220602 15:55:36.697"/>
</kw>
<kw name="Ativo" library="resource">
<kw name="Wait Until Element Is Visible" library="SeleniumLibrary">
<arg>locator=${ATIVO}</arg>
<arg>timeout=10</arg>
<doc>Waits until the element ``locator`` is visible.</doc>
<status status="PASS" starttime="20220602 15:55:36.700" endtime="20220602 15:55:36.745"/>
</kw>
<kw name="Click Element" library="SeleniumLibrary">
<arg>locator=${ATIVO}</arg>
<doc>Click the element identified by ``locator``.</doc>
<msg timestamp="20220602 15:55:36.746" level="INFO">Clicking element '//input[@id='ativo']'.</msg>
<status status="PASS" starttime="20220602 15:55:36.746" endtime="20220602 15:55:36.818"/>
</kw>
<kw name="Sleep" library="BuiltIn">
<arg>time_=2</arg>
<doc>Pauses the test executed for the given time.</doc>
<msg timestamp="20220602 15:55:38.821" level="INFO">Slept 2 seconds</msg>
<status status="PASS" starttime="20220602 15:55:36.819" endtime="20220602 15:55:38.821"/>
</kw>
<status status="PASS" starttime="20220602 15:55:36.699" endtime="20220602 15:55:38.822"/>
</kw>
<kw name="Categoria ID" library="resource">
<kw name="Wait Until Element Is Visible" library="SeleniumLibrary">
<arg>locator=${CATEGORIA_IG}</arg>
<doc>Waits until the element ``locator`` is visible.</doc>
<status status="PASS" starttime="20220602 15:55:38.823" endtime="20220602 15:55:38.856"/>
</kw>
<kw name="Select From List By Value" library="SeleniumLibrary">
<arg>${CATEGORIA_IG}</arg>
<arg>1</arg>
<doc>Selects options from selection list ``locator`` by ``values``.</doc>
<msg timestamp="20220602 15:55:38.856" level="INFO">Selecting options from selection list 'categoriaId' by value 1.</msg>
<status status="PASS" starttime="20220602 15:55:38.856" endtime="20220602 15:55:38.959"/>
</kw>
<status status="PASS" starttime="20220602 15:55:38.822" endtime="20220602 15:55:38.960"/>
</kw>
<kw name="Tipo de Cobrança" library="resource">
<kw name="Wait Until Element Is Visible" library="SeleniumLibrary">
<arg>locator=${TIPO_CORANÇA}</arg>
<arg>timeout=10</arg>
<doc>Waits until the element ``locator`` is visible.</doc>
<status status="PASS" starttime="20220602 15:55:38.961" endtime="20220602 15:55:39.010"/>
</kw>
<kw name="Input Text" library="SeleniumLibrary">
<arg>locator=${TIPO_CORANÇA}</arg>
<arg>text=${DESPESAS_ADICIONAIS}</arg>
<doc>Types the given ``text`` into the text field identified by ``locator``.</doc>
<msg timestamp="20220602 15:55:39.011" level="INFO">Typing text 'DESPESAS ADICIONAIS' into text field '//input[@id='tipoCobranca']'.</msg>
<status status="PASS" starttime="20220602 15:55:39.010" endtime="20220602 15:55:39.299"/>
</kw>
<kw name="Sleep" library="BuiltIn">
<arg>time_=2</arg>
<doc>Pauses the test executed for the given time.</doc>
<msg timestamp="20220602 15:55:41.307" level="INFO">Slept 2 seconds</msg>
<status status="PASS" starttime="20220602 15:55:39.300" endtime="20220602 15:55:41.307"/>
</kw>
<status status="PASS" starttime="20220602 15:55:38.961" endtime="20220602 15:55:41.308"/>
</kw>
<kw name="Finalidade" library="resource">
<kw name="Wait Until Element Is Visible" library="SeleniumLibrary">
<arg>locator=${FINALIDADE}</arg>
<arg>timeout=10</arg>
<doc>Waits until the element ``locator`` is visible.</doc>
<status status="PASS" starttime="20220602 15:55:41.309" endtime="20220602 15:55:41.341"/>
</kw>
<kw name="Input Text" library="SeleniumLibrary">
<arg>locator=${FINALIDADE}</arg>
<arg>text=${DUPLO}</arg>
<doc>Types the given ``text`` into the text field identified by ``locator``.</doc>
<msg timestamp="20220602 15:55:41.342" level="INFO">Typing text 'VENDA' into text field '//input[@id='finalidade']'.</msg>
<status status="PASS" starttime="20220602 15:55:41.341" endtime="20220602 15:55:41.512"/>
</kw>
<kw name="Sleep" library="BuiltIn">
<arg>time_=2</arg>
<doc>Pauses the test executed for the given time.</doc>
<msg timestamp="20220602 15:55:43.524" level="INFO">Slept 2 seconds</msg>
<status status="PASS" starttime="20220602 15:55:41.512" endtime="20220602 15:55:43.524"/>
</kw>
<status status="PASS" starttime="20220602 15:55:41.309" endtime="20220602 15:55:43.524"/>
</kw>
<kw name="Inserir Nível" library="resource">
<kw name="Wait Until Element Is Visible" library="SeleniumLibrary">
<arg>locator=${INSERIR_N.TIPO}</arg>
<arg>timeout=10</arg>
<doc>Waits until the element ``locator`` is visible.</doc>
<status status="PASS" starttime="20220602 15:55:43.526" endtime="20220602 15:55:43.560"/>
</kw>
<kw name="Click Element" library="SeleniumLibrary">
<arg>locator=${INSERIR_N.TIPO}</arg>
<doc>Click the element identified by ``locator``.</doc>
<msg timestamp="20220602 15:55:43.561" level="INFO">Clicking element '//a[normalize-space()='Inserir NivelTipo']'.</msg>
<status status="PASS" starttime="20220602 15:55:43.560" endtime="20220602 15:55:43.659"/>
</kw>
<kw name="Sleep" library="BuiltIn">
<arg>time_=2</arg>
<doc>Pauses the test executed for the given time.</doc>
<msg timestamp="20220602 15:55:45.670" level="INFO">Slept 2 seconds</msg>
<status status="PASS" starttime="20220602 15:55:43.660" endtime="20220602 15:55:45.671"/>
</kw>
<status status="PASS" starttime="20220602 15:55:43.525" endtime="20220602 15:55:45.671"/>
</kw>
<kw name="Nível de Utilização" library="resource">
<kw name="Wait Until Element Is Visible" library="SeleniumLibrary">
<arg>locator=${NIVEL_UTILIZAÇÃO}</arg>
<arg>timeout=10</arg>
<doc>Waits until the element ``locator`` is visible.</doc>
<status status="PASS" starttime="20220602 15:55:45.673" endtime="20220602 15:55:45.705"/>
</kw>
<kw name="Select From List By Value" library="SeleniumLibrary">
<arg>${NIVEL_UTILIZAÇÃO}</arg>
<arg>2</arg>
<doc>Selects options from selection list ``locator`` by ``values``.</doc>
<msg timestamp="20220602 15:55:45.706" level="INFO">Selecting options from selection list '//select[@id='nivelUtilizacaoId']' by value 2.</msg>
<status status="PASS" starttime="20220602 15:55:45.705" endtime="20220602 15:55:45.812"/>
</kw>
<status status="PASS" starttime="20220602 15:55:45.672" endtime="20220602 15:55:45.812"/>
</kw>
<kw name="Tipo" library="resource">
<kw name="Wait Until Element Is Visible" library="SeleniumLibrary">
<arg>locator=${TIPO}</arg>
<arg>timeout=10</arg>
<doc>Waits until the element ``locator`` is visible.</doc>
<status status="PASS" starttime="20220602 15:55:45.814" endtime="20220602 15:55:45.865"/>
</kw>
<kw name="Select From List By Value" library="SeleniumLibrary">
<arg>${TIPO}</arg>
<arg>2</arg>
<doc>Selects options from selection list ``locator`` by ``values``.</doc>
<msg timestamp="20220602 15:55:45.865" level="INFO">Selecting options from selection list '//select[@id='tipoId']' by value 2.</msg>
<status status="PASS" starttime="20220602 15:55:45.865" endtime="20220602 15:55:46.019"/>
</kw>
<status status="PASS" starttime="20220602 15:55:45.813" endtime="20220602 15:55:46.020"/>
</kw>
<kw name="Salvar Produto" library="resource">
<kw name="Wait Until Element Is Visible" library="SeleniumLibrary">
<arg>locator=${SALVAR_PRODUTO}</arg>
<arg>timeout=10</arg>
<doc>Waits until the element ``locator`` is visible.</doc>
<status status="PASS" starttime="20220602 15:55:46.022" endtime="20220602 15:55:46.065"/>
</kw>
<kw name="Click Element" library="SeleniumLibrary">
<arg>locator=${SALVAR_PRODUTO}</arg>
<doc>Click the element identified by ``locator``.</doc>
<msg timestamp="20220602 15:55:46.065" level="INFO">Clicking element '//button[normalize-space()='Salvar Produto']'.</msg>
<status status="PASS" starttime="20220602 15:55:46.065" endtime="20220602 15:55:46.165"/>
</kw>
<kw name="Sleep" library="BuiltIn">
<arg>time_=2</arg>
<doc>Pauses the test executed for the given time.</doc>
<msg timestamp="20220602 15:55:48.176" level="INFO">Slept 2 seconds</msg>
<status status="PASS" starttime="20220602 15:55:46.166" endtime="20220602 15:55:48.176"/>
</kw>
<status status="PASS" starttime="20220602 15:55:46.021" endtime="20220602 15:55:48.176"/>
</kw>
<kw name="Sim Prosseguir" library="resource">
<kw name="Wait Until Element Is Visible" library="SeleniumLibrary">
<arg>locator=${SIM_PROSSEGUIR}</arg>
<arg>timeout=10</arg>
<doc>Waits until the element ``locator`` is visible.</doc>
<status status="PASS" starttime="20220602 15:55:48.177" endtime="20220602 15:55:48.208"/>
</kw>
<kw name="Click Element" library="SeleniumLibrary">
<arg>locator=${SIM_PROSSEGUIR}</arg>
<doc>Click the element identified by ``locator``.</doc>
<msg timestamp="20220602 15:55:48.209" level="INFO">Clicking element '//button[normalize-space()='Sim, quero prosseguir!']'.</msg>
<status status="PASS" starttime="20220602 15:55:48.208" endtime="20220602 15:55:48.317"/>
</kw>
<kw name="Sleep" library="BuiltIn">
<arg>time_=2</arg>
<doc>Pauses the test executed for the given time.</doc>
<msg timestamp="20220602 15:55:50.330" level="INFO">Slept 2 seconds</msg>
<status status="PASS" starttime="20220602 15:55:48.317" endtime="20220602 15:55:50.330"/>
</kw>
<status status="PASS" starttime="20220602 15:55:48.177" endtime="20220602 15:55:50.330"/>
</kw>
<kw name="Fechar o Navegador" library="resource" type="TEARDOWN">
<kw name="Close Browser" library="SeleniumLibrary">
<doc>Closes the current browser.</doc>
<status status="PASS" starttime="20220602 15:55:50.332" endtime="20220602 15:55:53.103"/>
</kw>
<status status="PASS" starttime="20220602 15:55:50.331" endtime="20220602 15:55:53.104"/>
</kw>
<doc>NOVO PRODUTO_ID</doc>
<tag>NOVO</tag>
<status status="PASS" starttime="20220602 15:55:01.057" endtime="20220602 15:55:53.104"/>
</test>
<status status="PASS" starttime="20220602 15:55:00.582" endtime="20220602 15:55:53.106"/>
</suite>
<statistics>
<total>
<stat pass="1" fail="0" skip="0">All Tests</stat>
</total>
<tag>
<stat pass="1" fail="0" skip="0">NOVO</stat>
</tag>
<suite>
<stat pass="1" fail="0" skip="0" id="s1" name="Gerenciar P">Gerenciar P</stat>
</suite>
</statistics>
<errors>
</errors>
</robot>
